[0.304764] REQUEST: roboveroConfig
[0.304935] REQUEST: initMatch 0 4E20
[0.304965] REQUEST: initMatch 1 5DC
[0.304996] REQUEST: PWM_ChannelCmd 40018000 1 1
[0.305021] REQUEST: PWM_ResetCounter 40018000
[0.305046] REQUEST: PWM_CounterCmd 40018000 1
[0.305070] REQUEST: PWM_Cmd 40018000 1
[0.305199] REQUEST: initMatch 0 4E20
[0.305223] REQUEST: initMatch 2 5DC
[0.305249] REQUEST: PWM_ChannelCmd 40018000 2 1
[0.305272] REQUEST: PWM_ResetCounter 40018000
[0.305295] REQUEST: PWM_CounterCmd 40018000 1
[0.305319] REQUEST: PWM_Cmd 40018000 1
[3.306459] REQUEST: PWM_MatchUpdate 40018000 1 591 0
[3.306522] REQUEST: PWM_MatchUpdate 40018000 2 591 0
[3.307524] REQUEST: PWM_MatchUpdate 40018000 1 591 0
[3.307568] REQUEST: PWM_MatchUpdate 40018000 2 591 0
[3.357689] REQUEST: PWM_MatchUpdate 40018000 1 591 0
[3.357759] REQUEST: PWM_MatchUpdate 40018000 2 591 0
[3.407652] REQUEST: PWM_MatchUpdate 40018000 1 591 0
[3.407721] REQUEST: PWM_MatchUpdate 40018000 2 591 0
[3.457674] REQUEST: PWM_MatchUpdate 40018000 1 591 0
[3.457743] REQUEST: PWM_MatchUpdate 40018000 2 591 0
[3.507653] REQUEST: PWM_MatchUpdate 40018000 1 591 0
[3.507729] REQUEST: PWM_MatchUpdate 40018000 2 591 0
[3.557673] REQUEST: PWM_MatchUpdate 40018000 1 591 0
[3.557743] REQUEST: PWM_MatchUpdate 40018000 2 591 0
[3.607663] REQUEST: PWM_MatchUpdate 40018000 1 591 0
[3.607732] REQUEST: PWM_MatchUpdate 40018000 2 591 0
[3.657842] REQUEST: PWM_MatchUpdate 40018000 1 591 0
[3.657927] REQUEST: PWM_MatchUpdate 40018000 2 591 0
[3.707661] REQUEST: PWM_MatchUpdate 40018000 1 591 0
[3.707736] REQUEST: PWM_MatchUpdate 40018000 2 591 0
[3.757698] REQUEST: PWM_MatchUpdate 40018000 1 591 0
[3.757781] REQUEST: PWM_MatchUpdate 40018000 2 591 0
[3.807654] REQUEST: PWM_MatchUpdate 40018000 1 591 0
[3.807723] REQUEST: PWM_MatchUpdate 40018000 2 591 0
[3.857656] REQUEST: PWM_MatchUpdate 40018000 1 591 0
[3.857726] REQUEST: PWM_MatchUpdate 40018000 2 591 0
[3.907673] REQUEST: PWM_MatchUpdate 40018000 1 591 0
[3.907740] REQUEST: PWM_MatchUpdate 40018000 2 591 0
[3.957679] REQUEST: PWM_MatchUpdate 40018000 1 591 0
[3.957781] REQUEST: PWM_MatchUpdate 40018000 2 591 0
[4.007677] REQUEST: PWM_MatchUpdate 40018000 1 591 0
[4.007766] REQUEST: PWM_MatchUpdate 40018000 2 591 0
[4.057675] REQUEST: PWM_MatchUpdate 40018000 1 591 0
[4.057743] REQUEST: PWM_MatchUpdate 40018000 2 591 0
[4.107666] REQUEST: PWM_MatchUpdate 40018000 1 591 0
[4.107749] REQUEST: PWM_MatchUpdate 40018000 2 591 0
[4.157662] REQUEST: PWM_MatchUpdate 40018000 1 591 0
[4.157768] REQUEST: PWM_MatchUpdate 40018000 2 591 0
[4.207666] REQUEST: PWM_MatchUpdate 40018000 1 591 0
[4.207748] REQUEST: PWM_MatchUpdate 40018000 2 591 0
[4.257689] REQUEST: PWM_MatchUpdate 40018000 1 591 0
[4.257776] REQUEST: PWM_MatchUpdate 40018000 2 591 0
[4.307661] REQUEST: PWM_MatchUpdate 40018000 1 591 0
[4.307732] REQUEST: PWM_MatchUpdate 40018000 2 591 0
[4.357672] REQUEST: PWM_MatchUpdate 40018000 1 591 0
[4.357792] REQUEST: PWM_MatchUpdate 40018000 2 591 0
[4.407675] REQUEST: PWM_MatchUpdate 40018000 1 591 0
[4.407758] REQUEST: PWM_MatchUpdate 40018000 2 591 0
[4.457667] REQUEST: PWM_MatchUpdate 40018000 1 591 0
[4.457749] REQUEST: PWM_MatchUpdate 40018000 2 591 0
[4.507664] REQUEST: PWM_MatchUpdate 40018000 1 591 0
[4.507746] REQUEST: PWM_MatchUpdate 40018000 2 591 0
[4.557671] REQUEST: PWM_MatchUpdate 40018000 1 591 0
[4.557766] REQUEST: PWM_MatchUpdate 40018000 2 591 0
[4.607686] REQUEST: PWM_MatchUpdate 40018000 1 591 0
[4.607776] REQUEST: PWM_MatchUpdate 40018000 2 591 0
[4.657662] REQUEST: PWM_MatchUpdate 40018000 1 591 0
[4.657726] REQUEST: PWM_MatchUpdate 40018000 2 591 0
[4.707654] REQUEST: PWM_MatchUpdate 40018000 1 591 0
[4.707749] REQUEST: PWM_MatchUpdate 40018000 2 591 0
[4.757680] REQUEST: PWM_MatchUpdate 40018000 1 591 0
[4.757765] REQUEST: PWM_MatchUpdate 40018000 2 591 0
[4.807657] REQUEST: PWM_MatchUpdate 40018000 1 591 0
[4.807732] REQUEST: PWM_MatchUpdate 40018000 2 591 0
[4.857781] REQUEST: PWM_MatchUpdate 40018000 1 591 0
[4.857846] REQUEST: PWM_MatchUpdate 40018000 2 591 0
[4.907741] REQUEST: PWM_MatchUpdate 40018000 1 591 0
[4.907812] REQUEST: PWM_MatchUpdate 40018000 2 591 0
[4.957695] REQUEST: PWM_MatchUpdate 40018000 1 591 0
[4.957770] REQUEST: PWM_MatchUpdate 40018000 2 591 0
[5.007671] REQUEST: PWM_MatchUpdate 40018000 1 591 0
[5.007746] REQUEST: PWM_MatchUpdate 40018000 2 591 0
[5.057686] REQUEST: PWM_MatchUpdate 40018000 1 591 0
[5.057768] REQUEST: PWM_MatchUpdate 40018000 2 591 0
[5.107697] REQUEST: PWM_MatchUpdate 40018000 1 591 0
[5.107843] REQUEST: PWM_MatchUpdate 40018000 2 591 0
[5.157684] REQUEST: PWM_MatchUpdate 40018000 1 591 0
[5.157799] REQUEST: PWM_MatchUpdate 40018000 2 591 0
[5.207675] REQUEST: PWM_MatchUpdate 40018000 1 591 0
[5.207789] REQUEST: PWM_MatchUpdate 40018000 2 591 0
[5.257665] REQUEST: PWM_MatchUpdate 40018000 1 591 0
[5.257777] REQUEST: PWM_MatchUpdate 40018000 2 591 0
[5.307660] REQUEST: PWM_MatchUpdate 40018000 1 591 0
[5.308002] REQUEST: PWM_MatchUpdate 40018000 2 591 0
[5.357681] REQUEST: PWM_MatchUpdate 40018000 1 591 0
[5.357751] REQUEST: PWM_MatchUpdate 40018000 2 591 0
[5.407737] REQUEST: PWM_MatchUpdate 40018000 1 591 0
[5.407903] REQUEST: PWM_MatchUpdate 40018000 2 591 0
[5.457706] REQUEST: PWM_MatchUpdate 40018000 1 591 0
[5.457804] REQUEST: PWM_MatchUpdate 40018000 2 591 0
[5.507665] REQUEST: PWM_MatchUpdate 40018000 1 591 0
[5.507800] REQUEST: PWM_MatchUpdate 40018000 2 591 0
[5.557681] REQUEST: PWM_MatchUpdate 40018000 1 591 0
[5.557754] REQUEST: PWM_MatchUpdate 40018000 2 591 0
[5.607806] REQUEST: PWM_MatchUpdate 40018000 1 591 0
[5.608166] REQUEST: PWM_MatchUpdate 40018000 2 591 0
[5.657690] REQUEST: PWM_MatchUpdate 40018000 1 591 0
[5.657780] REQUEST: PWM_MatchUpdate 40018000 2 591 0
[5.707658] REQUEST: PWM_MatchUpdate 40018000 1 591 0
[5.707743] REQUEST: PWM_MatchUpdate 40018000 2 591 0
[5.757705] REQUEST: PWM_MatchUpdate 40018000 1 591 0
[5.757786] REQUEST: PWM_MatchUpdate 40018000 2 591 0
[5.807677] REQUEST: PWM_MatchUpdate 40018000 1 591 0
[5.807760] REQUEST: PWM_MatchUpdate 40018000 2 591 0
[5.857660] REQUEST: PWM_MatchUpdate 40018000 1 591 0
[5.857721] REQUEST: PWM_MatchUpdate 40018000 2 591 0
[5.907659] REQUEST: PWM_MatchUpdate 40018000 1 591 0
[5.907731] REQUEST: PWM_MatchUpdate 40018000 2 591 0
[5.957673] REQUEST: PWM_MatchUpdate 40018000 1 591 0
[5.957750] REQUEST: PWM_MatchUpdate 40018000 2 591 0
[6.007660] REQUEST: PWM_MatchUpdate 40018000 1 591 0
[6.007728] REQUEST: PWM_MatchUpdate 40018000 2 591 0
[6.057700] REQUEST: PWM_MatchUpdate 40018000 1 591 0
[6.057807] REQUEST: PWM_MatchUpdate 40018000 2 591 0
[6.107655] REQUEST: PWM_MatchUpdate 40018000 1 591 0
[6.107732] REQUEST: PWM_MatchUpdate 40018000 2 591 0
[6.157701] REQUEST: PWM_MatchUpdate 40018000 1 591 0
[6.157783] REQUEST: PWM_MatchUpdate 40018000 2 591 0
[6.207660] REQUEST: PWM_MatchUpdate 40018000 1 591 0
[6.207776] REQUEST: PWM_MatchUpdate 40018000 2 591 0
[6.257658] REQUEST: PWM_MatchUpdate 40018000 1 591 0
[6.257759] REQUEST: PWM_MatchUpdate 40018000 2 591 0
[6.307670] REQUEST: PWM_MatchUpdate 40018000 1 591 0
[6.307741] REQUEST: PWM_MatchUpdate 40018000 2 591 0
[6.357693] REQUEST: PWM_MatchUpdate 40018000 1 591 0
[6.357771] REQUEST: PWM_MatchUpdate 40018000 2 591 0
[6.407669] REQUEST: PWM_MatchUpdate 40018000 1 591 0
[6.407742] REQUEST: PWM_MatchUpdate 40018000 2 591 0
[6.457687] REQUEST: PWM_MatchUpdate 40018000 1 591 0
[6.457777] REQUEST: PWM_MatchUpdate 40018000 2 591 0
[6.507666] REQUEST: PWM_MatchUpdate 40018000 1 591 0
[6.507798] REQUEST: PWM_MatchUpdate 40018000 2 591 0
[6.557666] REQUEST: PWM_MatchUpdate 40018000 1 591 0
[6.557749] REQUEST: PWM_MatchUpdate 40018000 2 591 0
[6.607660] REQUEST: PWM_MatchUpdate 40018000 1 591 0
[6.607877] REQUEST: PWM_MatchUpdate 40018000 2 591 0
[6.657726] REQUEST: PWM_MatchUpdate 40018000 1 591 0
[6.657864] REQUEST: PWM_MatchUpdate 40018000 2 591 0
[6.707664] REQUEST: PWM_MatchUpdate 40018000 1 591 0
[6.707744] REQUEST: PWM_MatchUpdate 40018000 2 591 0
[6.757668] REQUEST: PWM_MatchUpdate 40018000 1 591 0
[6.757901] REQUEST: PWM_MatchUpdate 40018000 2 591 0
[6.807661] REQUEST: PWM_MatchUpdate 40018000 1 591 0
[6.807751] REQUEST: PWM_MatchUpdate 40018000 2 591 0
[6.857675] REQUEST: PWM_MatchUpdate 40018000 1 591 0
[6.857748] REQUEST: PWM_MatchUpdate 40018000 2 591 0
[6.907656] REQUEST: PWM_MatchUpdate 40018000 1 591 0
[6.907734] REQUEST: PWM_MatchUpdate 40018000 2 591 0
[6.957672] REQUEST: PWM_MatchUpdate 40018000 1 591 0
[6.957754] REQUEST: PWM_MatchUpdate 40018000 2 591 0
[7.007671] REQUEST: PWM_MatchUpdate 40018000 1 591 0
[7.007743] REQUEST: PWM_MatchUpdate 40018000 2 591 0
[7.057667] REQUEST: PWM_MatchUpdate 40018000 1 591 0
[7.057745] REQUEST: PWM_MatchUpdate 40018000 2 591 0
[7.107660] REQUEST: PWM_MatchUpdate 40018000 1 591 0
[7.107743] REQUEST: PWM_MatchUpdate 40018000 2 591 0
[7.157681] REQUEST: PWM_MatchUpdate 40018000 1 591 0
[7.157752] REQUEST: PWM_MatchUpdate 40018000 2 591 0
[7.207681] REQUEST: PWM_MatchUpdate 40018000 1 591 0
[7.207749] REQUEST: PWM_MatchUpdate 40018000 2 591 0
[7.257808] REQUEST: PWM_MatchUpdate 40018000 1 591 0
[7.257888] REQUEST: PWM_MatchUpdate 40018000 2 591 0
[7.307666] REQUEST: PWM_MatchUpdate 40018000 1 591 0
[7.307741] REQUEST: PWM_MatchUpdate 40018000 2 591 0
[7.357660] REQUEST: PWM_MatchUpdate 40018000 1 591 0
[7.357733] REQUEST: PWM_MatchUpdate 40018000 2 591 0
[7.407662] REQUEST: PWM_MatchUpdate 40018000 1 591 0
[7.407764] REQUEST: PWM_MatchUpdate 40018000 2 591 0
[7.457661] REQUEST: PWM_MatchUpdate 40018000 1 591 0
[7.457741] REQUEST: PWM_MatchUpdate 40018000 2 591 0
[7.507663] REQUEST: PWM_MatchUpdate 40018000 1 591 0
[7.507800] REQUEST: PWM_MatchUpdate 40018000 2 591 0
[7.557693] REQUEST: PWM_MatchUpdate 40018000 1 591 0
[7.557785] REQUEST: PWM_MatchUpdate 40018000 2 591 0
[7.607678] REQUEST: PWM_MatchUpdate 40018000 1 591 0
[7.607749] REQUEST: PWM_MatchUpdate 40018000 2 591 0
[7.657679] REQUEST: PWM_MatchUpdate 40018000 1 591 0
[7.657742] REQUEST: PWM_MatchUpdate 40018000 2 591 0
[7.707653] REQUEST: PWM_MatchUpdate 40018000 1 591 0
[7.707724] REQUEST: PWM_MatchUpdate 40018000 2 591 0
[7.757686] REQUEST: PWM_MatchUpdate 40018000 1 591 0
[7.757777] REQUEST: PWM_MatchUpdate 40018000 2 591 0
[7.807667] REQUEST: PWM_MatchUpdate 40018000 1 591 0
[7.807737] REQUEST: PWM_MatchUpdate 40018000 2 591 0
[7.857674] REQUEST: PWM_MatchUpdate 40018000 1 591 0
[7.857745] REQUEST: PWM_MatchUpdate 40018000 2 591 0
[7.907661] REQUEST: PWM_MatchUpdate 40018000 1 591 0
[7.907729] REQUEST: PWM_MatchUpdate 40018000 2 591 0
[7.957681] REQUEST: PWM_MatchUpdate 40018000 1 591 0
[7.957771] REQUEST: PWM_MatchUpdate 40018000 2 591 0
[8.007690] REQUEST: PWM_MatchUpdate 40018000 1 591 0
[8.007760] REQUEST: PWM_MatchUpdate 40018000 2 591 0
[8.057682] REQUEST: PWM_MatchUpdate 40018000 1 591 0
[8.057772] REQUEST: PWM_MatchUpdate 40018000 2 591 0
[8.107675] REQUEST: PWM_MatchUpdate 40018000 1 591 0
[8.107803] REQUEST: PWM_MatchUpdate 40018000 2 591 0
[8.157694] REQUEST: PWM_MatchUpdate 40018000 1 591 0
[8.157774] REQUEST: PWM_MatchUpdate 40018000 2 591 0
[8.207671] REQUEST: PWM_MatchUpdate 40018000 1 591 0
[8.207755] REQUEST: PWM_MatchUpdate 40018000 2 591 0
[8.257879] REQUEST: PWM_MatchUpdate 40018000 1 591 0
[8.257996] REQUEST: PWM_MatchUpdate 40018000 2 591 0
[8.307658] REQUEST: PWM_MatchUpdate 40018000 1 591 0
[8.307738] REQUEST: PWM_MatchUpdate 40018000 2 591 0
[8.357779] REQUEST: PWM_MatchUpdate 40018000 1 591 0
[8.357849] REQUEST: PWM_MatchUpdate 40018000 2 591 0
[8.407662] REQUEST: PWM_MatchUpdate 40018000 1 591 0
[8.407822] REQUEST: PWM_MatchUpdate 40018000 2 591 0
[8.457669] REQUEST: PWM_MatchUpdate 40018000 1 591 0
[8.457791] REQUEST: PWM_MatchUpdate 40018000 2 591 0
[8.507666] REQUEST: PWM_MatchUpdate 40018000 1 591 0
[8.507747] REQUEST: PWM_MatchUpdate 40018000 2 591 0
[8.557684] REQUEST: PWM_MatchUpdate 40018000 1 591 0
[8.557806] REQUEST: PWM_MatchUpdate 40018000 2 591 0
[8.607660] REQUEST: PWM_MatchUpdate 40018000 1 591 0
[8.607731] REQUEST: PWM_MatchUpdate 40018000 2 591 0
[8.657672] REQUEST: PWM_MatchUpdate 40018000 1 591 0
[8.657748] REQUEST: PWM_MatchUpdate 40018000 2 591 0
[8.707653] REQUEST: PWM_MatchUpdate 40018000 1 591 0
[8.707722] REQUEST: PWM_MatchUpdate 40018000 2 591 0
[8.757700] REQUEST: PWM_MatchUpdate 40018000 1 591 0
[8.757788] REQUEST: PWM_MatchUpdate 40018000 2 591 0
[8.807679] REQUEST: PWM_MatchUpdate 40018000 1 591 0
[8.807787] REQUEST: PWM_MatchUpdate 40018000 2 591 0
[8.857653] REQUEST: PWM_MatchUpdate 40018000 1 591 0
[8.857722] REQUEST: PWM_MatchUpdate 40018000 2 591 0
[8.907671] REQUEST: PWM_MatchUpdate 40018000 1 591 0
[8.907769] REQUEST: PWM_MatchUpdate 40018000 2 591 0
[8.957678] REQUEST: PWM_MatchUpdate 40018000 1 591 0
[8.957776] REQUEST: PWM_MatchUpdate 40018000 2 591 0
[9.007695] REQUEST: PWM_MatchUpdate 40018000 1 591 0
[9.007770] REQUEST: PWM_MatchUpdate 40018000 2 591 0
[9.057697] REQUEST: PWM_MatchUpdate 40018000 1 591 0
[9.057777] REQUEST: PWM_MatchUpdate 40018000 2 591 0
[9.107657] REQUEST: PWM_MatchUpdate 40018000 1 591 0
[9.107773] REQUEST: PWM_MatchUpdate 40018000 2 591 0
[9.157693] REQUEST: PWM_MatchUpdate 40018000 1 591 0
[9.157922] REQUEST: PWM_MatchUpdate 40018000 2 591 0
[9.207672] REQUEST: PWM_MatchUpdate 40018000 1 591 0
[9.207755] REQUEST: PWM_MatchUpdate 40018000 2 591 0
[9.257687] REQUEST: PWM_MatchUpdate 40018000 1 591 0
[9.257770] REQUEST: PWM_MatchUpdate 40018000 2 591 0
[9.307657] REQUEST: PWM_MatchUpdate 40018000 1 591 0
[9.307728] REQUEST: PWM_MatchUpdate 40018000 2 591 0
[9.357658] REQUEST: PWM_MatchUpdate 40018000 1 591 0
[9.357728] REQUEST: PWM_MatchUpdate 40018000 2 591 0
[9.407688] REQUEST: PWM_MatchUpdate 40018000 1 591 0
[9.407775] REQUEST: PWM_MatchUpdate 40018000 2 591 0
[9.457672] REQUEST: PWM_MatchUpdate 40018000 1 591 0
[9.457734] REQUEST: PWM_MatchUpdate 40018000 2 591 0
[9.507672] REQUEST: PWM_MatchUpdate 40018000 1 591 0
[9.507740] REQUEST: PWM_MatchUpdate 40018000 2 591 0
[9.557676] REQUEST: PWM_MatchUpdate 40018000 1 591 0
[9.557749] REQUEST: PWM_MatchUpdate 40018000 2 591 0
[9.607657] REQUEST: PWM_MatchUpdate 40018000 1 591 0
[9.607725] REQUEST: PWM_MatchUpdate 40018000 2 591 0
[9.657718] REQUEST: PWM_MatchUpdate 40018000 1 591 0
[9.657799] REQUEST: PWM_MatchUpdate 40018000 2 591 0
[9.707659] REQUEST: PWM_MatchUpdate 40018000 1 591 0
[9.707751] REQUEST: PWM_MatchUpdate 40018000 2 591 0
[9.757672] REQUEST: PWM_MatchUpdate 40018000 1 591 0
[9.757744] REQUEST: PWM_MatchUpdate 40018000 2 591 0
[9.807627] REQUEST: PWM_MatchUpdate 40018000 1 591 0
[9.807686] REQUEST: PWM_MatchUpdate 40018000 2 591 0
[9.857649] REQUEST: PWM_MatchUpdate 40018000 1 591 0
[9.857720] REQUEST: PWM_MatchUpdate 40018000 2 591 0
[9.907686] REQUEST: PWM_MatchUpdate 40018000 1 591 0
[9.907762] REQUEST: PWM_MatchUpdate 40018000 2 591 0
[9.957695] REQUEST: PWM_MatchUpdate 40018000 1 591 0
[9.957823] REQUEST: PWM_MatchUpdate 40018000 2 591 0
[10.007675] REQUEST: PWM_MatchUpdate 40018000 1 591 0
[10.007776] REQUEST: PWM_MatchUpdate 40018000 2 591 0
[10.057662] REQUEST: PWM_MatchUpdate 40018000 1 591 0
[10.057752] REQUEST: PWM_MatchUpdate 40018000 2 591 0
[10.107662] REQUEST: PWM_MatchUpdate 40018000 1 591 0
[10.107785] REQUEST: PWM_MatchUpdate 40018000 2 591 0
[10.157705] REQUEST: PWM_MatchUpdate 40018000 1 591 0
[10.157771] REQUEST: PWM_MatchUpdate 40018000 2 591 0
[10.207660] REQUEST: PWM_MatchUpdate 40018000 1 591 0
[10.207737] REQUEST: PWM_MatchUpdate 40018000 2 591 0
[10.257710] REQUEST: PWM_MatchUpdate 40018000 1 591 0
[10.257791] REQUEST: PWM_MatchUpdate 40018000 2 591 0
[10.307656] REQUEST: PWM_MatchUpdate 40018000 1 591 0
[10.307724] REQUEST: PWM_MatchUpdate 40018000 2 591 0
[10.357649] REQUEST: PWM_MatchUpdate 40018000 1 591 0
[10.357721] REQUEST: PWM_MatchUpdate 40018000 2 591 0
[10.407672] REQUEST: PWM_MatchUpdate 40018000 1 591 0
[10.407766] REQUEST: PWM_MatchUpdate 40018000 2 591 0
[10.457660] REQUEST: PWM_MatchUpdate 40018000 1 591 0
[10.457721] REQUEST: PWM_MatchUpdate 40018000 2 591 0
[10.507693] REQUEST: PWM_MatchUpdate 40018000 1 591 0
[10.507798] REQUEST: PWM_MatchUpdate 40018000 2 591 0
[10.557670] REQUEST: PWM_MatchUpdate 40018000 1 591 0
[10.557808] REQUEST: PWM_MatchUpdate 40018000 2 591 0
[10.607705] REQUEST: PWM_MatchUpdate 40018000 1 591 0
[10.607792] REQUEST: PWM_MatchUpdate 40018000 2 591 0
[10.657673] REQUEST: PWM_MatchUpdate 40018000 1 591 0
[10.657743] REQUEST: PWM_MatchUpdate 40018000 2 591 0
[10.707660] REQUEST: PWM_MatchUpdate 40018000 1 591 0
[10.707755] REQUEST: PWM_MatchUpdate 40018000 2 591 0
[10.757671] REQUEST: PWM_MatchUpdate 40018000 1 591 0
[10.757739] REQUEST: PWM_MatchUpdate 40018000 2 591 0
[10.807656] REQUEST: PWM_MatchUpdate 40018000 1 591 0
[10.807723] REQUEST: PWM_MatchUpdate 40018000 2 591 0
[10.857798] REQUEST: PWM_MatchUpdate 40018000 1 591 0
[10.857882] REQUEST: PWM_MatchUpdate 40018000 2 591 0
[10.907695] REQUEST: PWM_MatchUpdate 40018000 1 591 0
[10.907779] REQUEST: PWM_MatchUpdate 40018000 2 591 0
[10.957660] REQUEST: PWM_MatchUpdate 40018000 1 591 0
[10.957746] REQUEST: PWM_MatchUpdate 40018000 2 591 0
[11.007661] REQUEST: PWM_MatchUpdate 40018000 1 591 0
[11.007734] REQUEST: PWM_MatchUpdate 40018000 2 591 0
[11.057693] REQUEST: PWM_MatchUpdate 40018000 1 591 0
[11.057766] REQUEST: PWM_MatchUpdate 40018000 2 591 0
[11.107668] REQUEST: PWM_MatchUpdate 40018000 1 591 0
[11.107756] REQUEST: PWM_MatchUpdate 40018000 2 591 0
[11.157671] REQUEST: PWM_MatchUpdate 40018000 1 591 0
[11.157743] REQUEST: PWM_MatchUpdate 40018000 2 591 0
[11.207656] REQUEST: PWM_MatchUpdate 40018000 1 591 0
[11.207759] REQUEST: PWM_MatchUpdate 40018000 2 591 0
[11.257667] REQUEST: PWM_MatchUpdate 40018000 1 591 0
[11.257764] REQUEST: PWM_MatchUpdate 40018000 2 591 0
[11.307657] REQUEST: PWM_MatchUpdate 40018000 1 591 0
[11.307738] REQUEST: PWM_MatchUpdate 40018000 2 591 0
[11.357648] REQUEST: PWM_MatchUpdate 40018000 1 591 0
[11.357720] REQUEST: PWM_MatchUpdate 40018000 2 591 0
[11.407656] REQUEST: PWM_MatchUpdate 40018000 1 591 0
[11.407737] REQUEST: PWM_MatchUpdate 40018000 2 591 0
[11.457674] REQUEST: PWM_MatchUpdate 40018000 1 591 0
[11.457747] REQUEST: PWM_MatchUpdate 40018000 2 591 0
[11.507658] REQUEST: PWM_MatchUpdate 40018000 1 591 0
[11.507775] REQUEST: PWM_MatchUpdate 40018000 2 591 0
[11.557665] REQUEST: PWM_MatchUpdate 40018000 1 591 0
[11.557766] REQUEST: PWM_MatchUpdate 40018000 2 591 0
[11.607658] REQUEST: PWM_MatchUpdate 40018000 1 591 0
[11.607728] REQUEST: PWM_MatchUpdate 40018000 2 591 0
[11.657663] REQUEST: PWM_MatchUpdate 40018000 1 591 0
[11.657762] REQUEST: PWM_MatchUpdate 40018000 2 591 0
[11.707667] REQUEST: PWM_MatchUpdate 40018000 1 591 0
[11.707762] REQUEST: PWM_MatchUpdate 40018000 2 591 0
[11.757689] REQUEST: PWM_MatchUpdate 40018000 1 591 0
[11.757788] REQUEST: PWM_MatchUpdate 40018000 2 591 0
[11.807669] REQUEST: PWM_MatchUpdate 40018000 1 591 0
[11.807893] REQUEST: PWM_MatchUpdate 40018000 2 591 0
[11.857669] REQUEST: PWM_MatchUpdate 40018000 1 591 0
[11.857776] REQUEST: PWM_MatchUpdate 40018000 2 591 0
[11.907657] REQUEST: PWM_MatchUpdate 40018000 1 591 0
[11.907735] REQUEST: PWM_MatchUpdate 40018000 2 591 0
[11.957695] REQUEST: PWM_MatchUpdate 40018000 1 591 0
[11.957783] REQUEST: PWM_MatchUpdate 40018000 2 591 0
[12.007663] REQUEST: PWM_MatchUpdate 40018000 1 591 0
[12.007773] REQUEST: PWM_MatchUpdate 40018000 2 591 0
[12.057670] REQUEST: PWM_MatchUpdate 40018000 1 591 0
[12.057741] REQUEST: PWM_MatchUpdate 40018000 2 591 0
[12.107662] REQUEST: PWM_MatchUpdate 40018000 1 591 0
[12.107738] REQUEST: PWM_MatchUpdate 40018000 2 591 0
[12.157686] REQUEST: PWM_MatchUpdate 40018000 1 591 0
[12.157900] REQUEST: PWM_MatchUpdate 40018000 2 591 0
[12.207672] REQUEST: PWM_MatchUpdate 40018000 1 591 0
[12.207756] REQUEST: PWM_MatchUpdate 40018000 2 591 0
[12.257672] REQUEST: PWM_MatchUpdate 40018000 1 591 0
[12.257783] REQUEST: PWM_MatchUpdate 40018000 2 591 0
[12.307683] REQUEST: PWM_MatchUpdate 40018000 1 591 0
[12.307759] REQUEST: PWM_MatchUpdate 40018000 2 591 0
[12.357682] REQUEST: PWM_MatchUpdate 40018000 1 591 0
[12.357755] REQUEST: PWM_MatchUpdate 40018000 2 591 0
[12.407676] REQUEST: PWM_MatchUpdate 40018000 1 591 0
[12.407789] REQUEST: PWM_MatchUpdate 40018000 2 591 0
[12.457685] REQUEST: PWM_MatchUpdate 40018000 1 591 0
[12.457783] REQUEST: PWM_MatchUpdate 40018000 2 591 0
[12.507702] REQUEST: PWM_MatchUpdate 40018000 1 591 0
[12.507809] REQUEST: PWM_MatchUpdate 40018000 2 591 0
[12.557675] REQUEST: PWM_MatchUpdate 40018000 1 591 0
[12.557751] REQUEST: PWM_MatchUpdate 40018000 2 591 0
[12.607670] REQUEST: PWM_MatchUpdate 40018000 1 591 0
[12.607742] REQUEST: PWM_MatchUpdate 40018000 2 591 0
[12.657701] REQUEST: PWM_MatchUpdate 40018000 1 591 0
[12.657809] REQUEST: PWM_MatchUpdate 40018000 2 591 0
[12.707659] REQUEST: PWM_MatchUpdate 40018000 1 591 0
[12.707758] REQUEST: PWM_MatchUpdate 40018000 2 591 0
[12.757671] REQUEST: PWM_MatchUpdate 40018000 1 591 0
[12.757747] REQUEST: PWM_MatchUpdate 40018000 2 591 0
[12.807654] REQUEST: PWM_MatchUpdate 40018000 1 591 0
[12.807781] REQUEST: PWM_MatchUpdate 40018000 2 591 0
[12.857668] REQUEST: PWM_MatchUpdate 40018000 1 591 0
[12.857740] REQUEST: PWM_MatchUpdate 40018000 2 591 0
[12.907958] REQUEST: PWM_MatchUpdate 40018000 1 591 0
[12.908047] REQUEST: PWM_MatchUpdate 40018000 2 591 0
[12.957683] REQUEST: PWM_MatchUpdate 40018000 1 591 0
[12.957775] REQUEST: PWM_MatchUpdate 40018000 2 591 0
[13.007657] REQUEST: PWM_MatchUpdate 40018000 1 591 0
[13.007876] REQUEST: PWM_MatchUpdate 40018000 2 591 0
[13.057696] REQUEST: PWM_MatchUpdate 40018000 1 591 0
[13.057780] REQUEST: PWM_MatchUpdate 40018000 2 591 0
[13.107657] REQUEST: PWM_MatchUpdate 40018000 1 591 0
[13.107733] REQUEST: PWM_MatchUpdate 40018000 2 591 0
[13.157659] REQUEST: PWM_MatchUpdate 40018000 1 591 0
[13.157727] REQUEST: PWM_MatchUpdate 40018000 2 591 0
[13.207662] REQUEST: PWM_MatchUpdate 40018000 1 591 0
[13.207763] REQUEST: PWM_MatchUpdate 40018000 2 591 0
[13.257668] REQUEST: PWM_MatchUpdate 40018000 1 591 0
[13.257751] REQUEST: PWM_MatchUpdate 40018000 2 591 0
[13.307658] REQUEST: PWM_MatchUpdate 40018000 1 591 0
[13.307729] REQUEST: PWM_MatchUpdate 40018000 2 591 0
[13.357643] REQUEST: PWM_MatchUpdate 40018000 1 591 0
[13.357712] REQUEST: PWM_MatchUpdate 40018000 2 591 0
[13.407693] REQUEST: PWM_MatchUpdate 40018000 1 591 0
[13.407778] REQUEST: PWM_MatchUpdate 40018000 2 591 0
[13.457658] REQUEST: PWM_MatchUpdate 40018000 1 591 0
[13.457738] REQUEST: PWM_MatchUpdate 40018000 2 591 0
[13.507760] REQUEST: PWM_MatchUpdate 40018000 1 591 0
[13.508004] REQUEST: PWM_MatchUpdate 40018000 2 591 0
[13.557701] REQUEST: PWM_MatchUpdate 40018000 1 591 0
[13.557781] REQUEST: PWM_MatchUpdate 40018000 2 591 0
[13.607678] REQUEST: PWM_MatchUpdate 40018000 1 591 0
[13.607770] REQUEST: PWM_MatchUpdate 40018000 2 591 0
[13.657672] REQUEST: PWM_MatchUpdate 40018000 1 591 0
[13.657781] REQUEST: PWM_MatchUpdate 40018000 2 591 0
[13.707644] REQUEST: PWM_MatchUpdate 40018000 1 591 0
[13.707706] REQUEST: PWM_MatchUpdate 40018000 2 591 0
[13.757789] REQUEST: PWM_MatchUpdate 40018000 1 591 0
[13.757863] REQUEST: PWM_MatchUpdate 40018000 2 591 0
[13.807655] REQUEST: PWM_MatchUpdate 40018000 1 591 0
[13.807725] REQUEST: PWM_MatchUpdate 40018000 2 591 0
[13.857661] REQUEST: PWM_MatchUpdate 40018000 1 591 0
[13.857782] REQUEST: PWM_MatchUpdate 40018000 2 591 0
[13.907687] REQUEST: PWM_MatchUpdate 40018000 1 591 0
[13.907810] REQUEST: PWM_MatchUpdate 40018000 2 591 0
[13.957656] REQUEST: PWM_MatchUpdate 40018000 1 591 0
[13.957725] REQUEST: PWM_MatchUpdate 40018000 2 591 0
[14.007657] REQUEST: PWM_MatchUpdate 40018000 1 591 0
[14.007771] REQUEST: PWM_MatchUpdate 40018000 2 591 0
[14.057665] REQUEST: PWM_MatchUpdate 40018000 1 591 0
[14.057778] REQUEST: PWM_MatchUpdate 40018000 2 591 0
[14.107674] REQUEST: PWM_MatchUpdate 40018000 1 591 0
[14.107760] REQUEST: PWM_MatchUpdate 40018000 2 591 0
[14.157654] REQUEST: PWM_MatchUpdate 40018000 1 591 0
[14.157734] REQUEST: PWM_MatchUpdate 40018000 2 591 0
[14.207658] REQUEST: PWM_MatchUpdate 40018000 1 591 0
[14.207732] REQUEST: PWM_MatchUpdate 40018000 2 591 0
[14.257684] REQUEST: PWM_MatchUpdate 40018000 1 591 0
[14.257766] REQUEST: PWM_MatchUpdate 40018000 2 591 0
[14.307657] REQUEST: PWM_MatchUpdate 40018000 1 591 0
[14.307719] REQUEST: PWM_MatchUpdate 40018000 2 591 0
[14.357646] REQUEST: PWM_MatchUpdate 40018000 1 591 0
[14.357712] REQUEST: PWM_MatchUpdate 40018000 2 591 0
[14.407771] REQUEST: PWM_MatchUpdate 40018000 1 591 0
[14.407831] REQUEST: PWM_MatchUpdate 40018000 2 591 0
[14.457728] REQUEST: PWM_MatchUpdate 40018000 1 591 0
[14.457801] REQUEST: PWM_MatchUpdate 40018000 2 591 0
[14.507681] REQUEST: PWM_MatchUpdate 40018000 1 591 0
[14.507777] REQUEST: PWM_MatchUpdate 40018000 2 591 0
[14.557661] REQUEST: PWM_MatchUpdate 40018000 1 591 0
[14.557747] REQUEST: PWM_MatchUpdate 40018000 2 591 0
[14.607658] REQUEST: PWM_MatchUpdate 40018000 1 591 0
[14.607742] REQUEST: PWM_MatchUpdate 40018000 2 591 0
[14.657937] REQUEST: PWM_MatchUpdate 40018000 1 591 0
[14.658166] REQUEST: PWM_MatchUpdate 40018000 2 591 0
[14.707671] REQUEST: PWM_MatchUpdate 40018000 1 591 0
[14.707758] REQUEST: PWM_MatchUpdate 40018000 2 591 0
[14.757662] REQUEST: PWM_MatchUpdate 40018000 1 591 0
[14.757722] REQUEST: PWM_MatchUpdate 40018000 2 591 0
[14.807661] REQUEST: PWM_MatchUpdate 40018000 1 591 0
[14.807751] REQUEST: PWM_MatchUpdate 40018000 2 591 0
[14.857682] REQUEST: PWM_MatchUpdate 40018000 1 591 0
[14.857744] REQUEST: PWM_MatchUpdate 40018000 2 591 0
[14.907791] REQUEST: PWM_MatchUpdate 40018000 1 591 0
[14.907862] REQUEST: PWM_MatchUpdate 40018000 2 591 0
[14.957679] REQUEST: PWM_MatchUpdate 40018000 1 591 0
[14.957748] REQUEST: PWM_MatchUpdate 40018000 2 591 0
[15.007668] REQUEST: PWM_MatchUpdate 40018000 1 591 0
[15.007741] REQUEST: PWM_MatchUpdate 40018000 2 591 0
[15.057691] REQUEST: PWM_MatchUpdate 40018000 1 591 0
[15.057797] REQUEST: PWM_MatchUpdate 40018000 2 591 0
[15.107658] REQUEST: PWM_MatchUpdate 40018000 1 591 0
[15.107738] REQUEST: PWM_MatchUpdate 40018000 2 591 0
[15.157684] REQUEST: PWM_MatchUpdate 40018000 1 591 0
[15.157792] REQUEST: PWM_MatchUpdate 40018000 2 591 0
[15.207662] REQUEST: PWM_MatchUpdate 40018000 1 591 0
[15.207737] REQUEST: PWM_MatchUpdate 40018000 2 591 0
[15.257641] REQUEST: PWM_MatchUpdate 40018000 1 591 0
[15.257722] REQUEST: PWM_MatchUpdate 40018000 2 591 0
[15.307681] REQUEST: PWM_MatchUpdate 40018000 1 591 0
[15.307750] REQUEST: PWM_MatchUpdate 40018000 2 591 0
[15.357661] REQUEST: PWM_MatchUpdate 40018000 1 591 0
[15.357739] REQUEST: PWM_MatchUpdate 40018000 2 591 0
[15.407663] REQUEST: PWM_MatchUpdate 40018000 1 591 0
[15.407738] REQUEST: PWM_MatchUpdate 40018000 2 591 0
[15.457683] REQUEST: PWM_MatchUpdate 40018000 1 591 0
[15.457753] REQUEST: PWM_MatchUpdate 40018000 2 591 0
[15.507720] REQUEST: PWM_MatchUpdate 40018000 1 591 0
[15.507831] REQUEST: PWM_MatchUpdate 40018000 2 591 0
[15.557641] REQUEST: PWM_MatchUpdate 40018000 1 591 0
[15.557704] REQUEST: PWM_MatchUpdate 40018000 2 591 0
[15.607672] REQUEST: PWM_MatchUpdate 40018000 1 591 0
[15.607827] REQUEST: PWM_MatchUpdate 40018000 2 591 0
[15.657666] REQUEST: PWM_MatchUpdate 40018000 1 591 0
[15.657729] REQUEST: PWM_MatchUpdate 40018000 2 591 0
[15.707670] REQUEST: PWM_MatchUpdate 40018000 1 591 0
[15.707762] REQUEST: PWM_MatchUpdate 40018000 2 591 0
[15.757795] REQUEST: PWM_MatchUpdate 40018000 1 591 0
[15.757930] REQUEST: PWM_MatchUpdate 40018000 2 591 0
[15.807665] REQUEST: PWM_MatchUpdate 40018000 1 591 0
[15.807737] REQUEST: PWM_MatchUpdate 40018000 2 591 0
[15.857767] REQUEST: PWM_MatchUpdate 40018000 1 591 0
[15.857831] REQUEST: PWM_MatchUpdate 40018000 2 591 0
[15.907688] REQUEST: PWM_MatchUpdate 40018000 1 591 0
[15.907839] REQUEST: PWM_MatchUpdate 40018000 2 591 0
[15.957672] REQUEST: PWM_MatchUpdate 40018000 1 591 0
[15.957760] REQUEST: PWM_MatchUpdate 40018000 2 591 0
[16.007628] REQUEST: PWM_MatchUpdate 40018000 1 591 0
[16.007706] REQUEST: PWM_MatchUpdate 40018000 2 591 0
[16.057673] REQUEST: PWM_MatchUpdate 40018000 1 591 0
[16.057767] REQUEST: PWM_MatchUpdate 40018000 2 591 0
[16.107781] REQUEST: PWM_MatchUpdate 40018000 1 591 0
[16.107857] REQUEST: PWM_MatchUpdate 40018000 2 591 0
[16.157651] REQUEST: PWM_MatchUpdate 40018000 1 591 0
[16.158031] REQUEST: PWM_MatchUpdate 40018000 2 591 0
[16.207680] REQUEST: PWM_MatchUpdate 40018000 1 591 0
[16.207792] REQUEST: PWM_MatchUpdate 40018000 2 591 0
[16.257719] REQUEST: PWM_MatchUpdate 40018000 1 591 0
[16.257810] REQUEST: PWM_MatchUpdate 40018000 2 591 0
[16.307806] REQUEST: PWM_MatchUpdate 40018000 1 591 0
[16.307886] REQUEST: PWM_MatchUpdate 40018000 2 591 0
[16.357656] REQUEST: PWM_MatchUpdate 40018000 1 591 0
[16.357728] REQUEST: PWM_MatchUpdate 40018000 2 591 0
[16.407673] REQUEST: PWM_MatchUpdate 40018000 1 591 0
[16.407759] REQUEST: PWM_MatchUpdate 40018000 2 591 0
[16.457635] REQUEST: PWM_MatchUpdate 40018000 1 591 0
[16.457699] REQUEST: PWM_MatchUpdate 40018000 2 591 0
[16.507661] REQUEST: PWM_MatchUpdate 40018000 1 591 0
[16.507771] REQUEST: PWM_MatchUpdate 40018000 2 591 0
[16.557791] REQUEST: PWM_MatchUpdate 40018000 1 591 0
[16.557862] REQUEST: PWM_MatchUpdate 40018000 2 591 0
[16.607662] REQUEST: PWM_MatchUpdate 40018000 1 591 0
[16.607734] REQUEST: PWM_MatchUpdate 40018000 2 591 0
[16.657685] REQUEST: PWM_MatchUpdate 40018000 1 591 0
[16.657803] REQUEST: PWM_MatchUpdate 40018000 2 591 0
[16.707715] REQUEST: PWM_MatchUpdate 40018000 1 591 0
[16.707785] REQUEST: PWM_MatchUpdate 40018000 2 591 0
[16.757668] REQUEST: PWM_MatchUpdate 40018000 1 591 0
[16.757781] REQUEST: PWM_MatchUpdate 40018000 2 591 0
[16.807674] REQUEST: PWM_MatchUpdate 40018000 1 591 0
[16.807746] REQUEST: PWM_MatchUpdate 40018000 2 591 0
[16.857647] REQUEST: PWM_MatchUpdate 40018000 1 591 0
[16.857714] REQUEST: PWM_MatchUpdate 40018000 2 591 0
[16.907748] REQUEST: PWM_MatchUpdate 40018000 1 591 0
[16.907835] REQUEST: PWM_MatchUpdate 40018000 2 591 0
[16.957669] REQUEST: PWM_MatchUpdate 40018000 1 591 0
[16.957758] REQUEST: PWM_MatchUpdate 40018000 2 591 0
[17.007704] REQUEST: PWM_MatchUpdate 40018000 1 591 0
[17.007873] REQUEST: PWM_MatchUpdate 40018000 2 591 0
[17.057696] REQUEST: PWM_MatchUpdate 40018000 1 591 0
[17.057775] REQUEST: PWM_MatchUpdate 40018000 2 591 0
[17.107675] REQUEST: PWM_MatchUpdate 40018000 1 591 0
[17.107771] REQUEST: PWM_MatchUpdate 40018000 2 591 0
[17.157670] REQUEST: PWM_MatchUpdate 40018000 1 591 0
[17.157740] REQUEST: PWM_MatchUpdate 40018000 2 591 0
[17.207694] REQUEST: PWM_MatchUpdate 40018000 1 591 0
[17.207778] REQUEST: PWM_MatchUpdate 40018000 2 591 0
[17.257669] REQUEST: PWM_MatchUpdate 40018000 1 591 0
[17.257738] REQUEST: PWM_MatchUpdate 40018000 2 591 0
[17.307677] REQUEST: PWM_MatchUpdate 40018000 1 591 0
[17.307767] REQUEST: PWM_MatchUpdate 40018000 2 591 0
[17.357655] REQUEST: PWM_MatchUpdate 40018000 1 591 0
[17.357723] REQUEST: PWM_MatchUpdate 40018000 2 591 0
[17.407667] REQUEST: PWM_MatchUpdate 40018000 1 591 0
[17.407744] REQUEST: PWM_MatchUpdate 40018000 2 591 0
[17.457695] REQUEST: PWM_MatchUpdate 40018000 1 591 0
[17.457769] REQUEST: PWM_MatchUpdate 40018000 2 591 0
[17.507669] REQUEST: PWM_MatchUpdate 40018000 1 591 0
[17.507739] REQUEST: PWM_MatchUpdate 40018000 2 591 0
[17.557663] REQUEST: PWM_MatchUpdate 40018000 1 591 0
[17.557749] REQUEST: PWM_MatchUpdate 40018000 2 591 0
[17.607667] REQUEST: PWM_MatchUpdate 40018000 1 591 0
[17.607763] REQUEST: PWM_MatchUpdate 40018000 2 591 0
[17.657675] REQUEST: PWM_MatchUpdate 40018000 1 591 0
[17.657750] REQUEST: PWM_MatchUpdate 40018000 2 591 0
[17.707679] REQUEST: PWM_MatchUpdate 40018000 1 591 0
[17.707790] REQUEST: PWM_MatchUpdate 40018000 2 591 0
[17.757675] REQUEST: PWM_MatchUpdate 40018000 1 591 0
[17.757784] REQUEST: PWM_MatchUpdate 40018000 2 591 0
[17.807672] REQUEST: PWM_MatchUpdate 40018000 1 591 0
[17.807743] REQUEST: PWM_MatchUpdate 40018000 2 591 0
[17.857625] REQUEST: PWM_MatchUpdate 40018000 1 591 0
[17.857695] REQUEST: PWM_MatchUpdate 40018000 2 591 0
[17.907663] REQUEST: PWM_MatchUpdate 40018000 1 591 0
[17.907906] REQUEST: PWM_MatchUpdate 40018000 2 591 0
[17.957688] REQUEST: PWM_MatchUpdate 40018000 1 591 0
[17.957763] REQUEST: PWM_MatchUpdate 40018000 2 591 0
[18.007667] REQUEST: PWM_MatchUpdate 40018000 1 591 0
[18.007799] REQUEST: PWM_MatchUpdate 40018000 2 591 0
[18.057697] REQUEST: PWM_MatchUpdate 40018000 1 591 0
[18.057772] REQUEST: PWM_MatchUpdate 40018000 2 591 0
[18.107684] REQUEST: PWM_MatchUpdate 40018000 1 591 0
[18.107753] REQUEST: PWM_MatchUpdate 40018000 2 591 0
[18.157669] REQUEST: PWM_MatchUpdate 40018000 1 591 0
[18.157740] REQUEST: PWM_MatchUpdate 40018000 2 591 0
[18.207673] REQUEST: PWM_MatchUpdate 40018000 1 591 0
[18.207742] REQUEST: PWM_MatchUpdate 40018000 2 591 0
[18.257704] REQUEST: PWM_MatchUpdate 40018000 1 591 0
[18.257801] REQUEST: PWM_MatchUpdate 40018000 2 591 0
[18.307648] REQUEST: PWM_MatchUpdate 40018000 1 591 0
[18.307709] REQUEST: PWM_MatchUpdate 40018000 2 591 0
[18.357676] REQUEST: PWM_MatchUpdate 40018000 1 591 0
[18.357736] REQUEST: PWM_MatchUpdate 40018000 2 591 0
[18.407684] REQUEST: PWM_MatchUpdate 40018000 1 591 0
[18.407794] REQUEST: PWM_MatchUpdate 40018000 2 591 0
[18.457664] REQUEST: PWM_MatchUpdate 40018000 1 591 0
[18.457742] REQUEST: PWM_MatchUpdate 40018000 2 591 0
[18.507655] REQUEST: PWM_MatchUpdate 40018000 1 591 0
[18.507725] REQUEST: PWM_MatchUpdate 40018000 2 591 0
[18.557700] REQUEST: PWM_MatchUpdate 40018000 1 591 0
[18.557780] REQUEST: PWM_MatchUpdate 40018000 2 591 0
[18.607672] REQUEST: PWM_MatchUpdate 40018000 1 591 0
[18.607766] REQUEST: PWM_MatchUpdate 40018000 2 591 0
[18.657693] REQUEST: PWM_MatchUpdate 40018000 1 591 0
[18.657758] REQUEST: PWM_MatchUpdate 40018000 2 591 0
[18.707670] REQUEST: PWM_MatchUpdate 40018000 1 591 0
[18.707782] REQUEST: PWM_MatchUpdate 40018000 2 591 0
[18.757668] REQUEST: PWM_MatchUpdate 40018000 1 591 0
[18.757756] REQUEST: PWM_MatchUpdate 40018000 2 591 0
[18.807690] REQUEST: PWM_MatchUpdate 40018000 1 591 0
[18.807776] REQUEST: PWM_MatchUpdate 40018000 2 591 0
[18.857645] REQUEST: PWM_MatchUpdate 40018000 1 591 0
[18.857715] REQUEST: PWM_MatchUpdate 40018000 2 591 0
[18.907671] REQUEST: PWM_MatchUpdate 40018000 1 591 0
[18.907746] REQUEST: PWM_MatchUpdate 40018000 2 591 0
[18.957696] REQUEST: PWM_MatchUpdate 40018000 1 591 0
[18.957777] REQUEST: PWM_MatchUpdate 40018000 2 591 0
[19.007671] REQUEST: PWM_MatchUpdate 40018000 1 591 0
[19.007752] REQUEST: PWM_MatchUpdate 40018000 2 591 0
[19.057679] REQUEST: PWM_MatchUpdate 40018000 1 591 0
[19.057770] REQUEST: PWM_MatchUpdate 40018000 2 591 0
[19.107686] REQUEST: PWM_MatchUpdate 40018000 1 591 0
[19.107801] REQUEST: PWM_MatchUpdate 40018000 2 591 0
[19.157676] REQUEST: PWM_MatchUpdate 40018000 1 591 0
[19.157783] REQUEST: PWM_MatchUpdate 40018000 2 591 0
[19.207652] REQUEST: PWM_MatchUpdate 40018000 1 591 0
[19.207717] REQUEST: PWM_MatchUpdate 40018000 2 591 0
[19.257700] REQUEST: PWM_MatchUpdate 40018000 1 591 0
[19.257805] REQUEST: PWM_MatchUpdate 40018000 2 591 0
[19.307683] REQUEST: PWM_MatchUpdate 40018000 1 591 0
[19.307989] REQUEST: PWM_MatchUpdate 40018000 2 591 0
[19.357643] REQUEST: PWM_MatchUpdate 40018000 1 591 0
[19.357711] REQUEST: PWM_MatchUpdate 40018000 2 591 0
[19.407694] REQUEST: PWM_MatchUpdate 40018000 1 591 0
[19.407767] REQUEST: PWM_MatchUpdate 40018000 2 591 0
[19.457688] REQUEST: PWM_MatchUpdate 40018000 1 591 0
[19.457779] REQUEST: PWM_MatchUpdate 40018000 2 591 0
[19.507696] REQUEST: PWM_MatchUpdate 40018000 1 591 0
[19.507790] REQUEST: PWM_MatchUpdate 40018000 2 591 0
[19.557825] REQUEST: PWM_MatchUpdate 40018000 1 591 0
[19.558202] REQUEST: PWM_MatchUpdate 40018000 2 591 0
[19.607671] REQUEST: PWM_MatchUpdate 40018000 1 591 0
[19.607796] REQUEST: PWM_MatchUpdate 40018000 2 591 0
[19.657684] REQUEST: PWM_MatchUpdate 40018000 1 591 0
[19.657757] REQUEST: PWM_MatchUpdate 40018000 2 591 0
[19.707700] REQUEST: PWM_MatchUpdate 40018000 1 591 0
[19.707807] REQUEST: PWM_MatchUpdate 40018000 2 591 0
[19.757671] REQUEST: PWM_MatchUpdate 40018000 1 591 0
[19.757759] REQUEST: PWM_MatchUpdate 40018000 2 591 0
[19.807678] REQUEST: PWM_MatchUpdate 40018000 1 591 0
[19.807781] REQUEST: PWM_MatchUpdate 40018000 2 591 0
[19.857677] REQUEST: PWM_MatchUpdate 40018000 1 591 0
[19.857805] REQUEST: PWM_MatchUpdate 40018000 2 591 0
[19.907694] REQUEST: PWM_MatchUpdate 40018000 1 591 0
[19.907764] REQUEST: PWM_MatchUpdate 40018000 2 591 0
[19.957724] REQUEST: PWM_MatchUpdate 40018000 1 591 0
[19.957874] REQUEST: PWM_MatchUpdate 40018000 2 591 0
[20.007702] REQUEST: PWM_MatchUpdate 40018000 1 591 0
[20.007808] REQUEST: PWM_MatchUpdate 40018000 2 591 0
[20.057704] REQUEST: PWM_MatchUpdate 40018000 1 591 0
[20.057779] REQUEST: PWM_MatchUpdate 40018000 2 591 0
[20.107673] REQUEST: PWM_MatchUpdate 40018000 1 591 0
[20.107764] REQUEST: PWM_MatchUpdate 40018000 2 591 0
[20.157686] REQUEST: PWM_MatchUpdate 40018000 1 591 0
[20.157763] REQUEST: PWM_MatchUpdate 40018000 2 591 0
[20.207656] REQUEST: PWM_MatchUpdate 40018000 1 591 0
[20.207719] REQUEST: PWM_MatchUpdate 40018000 2 591 0
[20.257690] REQUEST: PWM_MatchUpdate 40018000 1 591 0
[20.257780] REQUEST: PWM_MatchUpdate 40018000 2 591 0
[20.307655] REQUEST: PWM_MatchUpdate 40018000 1 591 0
[20.307725] REQUEST: PWM_MatchUpdate 40018000 2 591 0
[20.357657] REQUEST: PWM_MatchUpdate 40018000 1 591 0
[20.357726] REQUEST: PWM_MatchUpdate 40018000 2 591 0
[20.407674] REQUEST: PWM_MatchUpdate 40018000 1 591 0
[20.407785] REQUEST: PWM_MatchUpdate 40018000 2 591 0
[20.457675] REQUEST: PWM_MatchUpdate 40018000 1 591 0
[20.457745] REQUEST: PWM_MatchUpdate 40018000 2 591 0
[20.507723] REQUEST: PWM_MatchUpdate 40018000 1 591 0
[20.507799] REQUEST: PWM_MatchUpdate 40018000 2 591 0
[20.557662] REQUEST: PWM_MatchUpdate 40018000 1 591 0
[20.557732] REQUEST: PWM_MatchUpdate 40018000 2 591 0
[20.607659] REQUEST: PWM_MatchUpdate 40018000 1 591 0
[20.607726] REQUEST: PWM_MatchUpdate 40018000 2 591 0
[20.657659] REQUEST: PWM_MatchUpdate 40018000 1 591 0
[20.657730] REQUEST: PWM_MatchUpdate 40018000 2 591 0
[20.707677] REQUEST: PWM_MatchUpdate 40018000 1 591 0
[20.707748] REQUEST: PWM_MatchUpdate 40018000 2 591 0
[20.757675] REQUEST: PWM_MatchUpdate 40018000 1 591 0
[20.757745] REQUEST: PWM_MatchUpdate 40018000 2 591 0
[20.807654] REQUEST: PWM_MatchUpdate 40018000 1 591 0
[20.807734] REQUEST: PWM_MatchUpdate 40018000 2 591 0
[20.857698] REQUEST: PWM_MatchUpdate 40018000 1 591 0
[20.857806] REQUEST: PWM_MatchUpdate 40018000 2 591 0
[20.907760] REQUEST: PWM_MatchUpdate 40018000 1 591 0
[20.907832] REQUEST: PWM_MatchUpdate 40018000 2 591 0
[20.957679] REQUEST: PWM_MatchUpdate 40018000 1 591 0
[20.957754] REQUEST: PWM_MatchUpdate 40018000 2 591 0
[21.007684] REQUEST: PWM_MatchUpdate 40018000 1 591 0
[21.007756] REQUEST: PWM_MatchUpdate 40018000 2 591 0
[21.057670] REQUEST: PWM_MatchUpdate 40018000 1 591 0
[21.057742] REQUEST: PWM_MatchUpdate 40018000 2 591 0
[21.107689] REQUEST: PWM_MatchUpdate 40018000 1 591 0
[21.107758] REQUEST: PWM_MatchUpdate 40018000 2 591 0
[21.157671] REQUEST: PWM_MatchUpdate 40018000 1 591 0
[21.157758] REQUEST: PWM_MatchUpdate 40018000 2 591 0
[21.207708] REQUEST: PWM_MatchUpdate 40018000 1 591 0
[21.207823] REQUEST: PWM_MatchUpdate 40018000 2 591 0
[21.257695] REQUEST: PWM_MatchUpdate 40018000 1 591 0
[21.257768] REQUEST: PWM_MatchUpdate 40018000 2 591 0
[21.307681] REQUEST: PWM_MatchUpdate 40018000 1 591 0
[21.307753] REQUEST: PWM_MatchUpdate 40018000 2 591 0
[21.357651] REQUEST: PWM_MatchUpdate 40018000 1 591 0
[21.357723] REQUEST: PWM_MatchUpdate 40018000 2 591 0
[21.407683] REQUEST: PWM_MatchUpdate 40018000 1 591 0
[21.407753] REQUEST: PWM_MatchUpdate 40018000 2 591 0
[21.457676] REQUEST: PWM_MatchUpdate 40018000 1 591 0
[21.457747] REQUEST: PWM_MatchUpdate 40018000 2 591 0
[21.507657] REQUEST: PWM_MatchUpdate 40018000 1 591 0
[21.507725] REQUEST: PWM_MatchUpdate 40018000 2 591 0
[21.557663] REQUEST: PWM_MatchUpdate 40018000 1 591 0
[21.557735] REQUEST: PWM_MatchUpdate 40018000 2 591 0
[21.607680] REQUEST: PWM_MatchUpdate 40018000 1 591 0
[21.607749] REQUEST: PWM_MatchUpdate 40018000 2 591 0
[21.657687] REQUEST: PWM_MatchUpdate 40018000 1 591 0
[21.657768] REQUEST: PWM_MatchUpdate 40018000 2 591 0
[21.707676] REQUEST: PWM_MatchUpdate 40018000 1 591 0
[21.707746] REQUEST: PWM_MatchUpdate 40018000 2 591 0
[21.757687] REQUEST: PWM_MatchUpdate 40018000 1 591 0
[21.757779] REQUEST: PWM_MatchUpdate 40018000 2 591 0
[21.807686] REQUEST: PWM_MatchUpdate 40018000 1 591 0
[21.807790] REQUEST: PWM_MatchUpdate 40018000 2 591 0
[21.857666] REQUEST: PWM_MatchUpdate 40018000 1 591 0
[21.857738] REQUEST: PWM_MatchUpdate 40018000 2 591 0
[21.907667] REQUEST: PWM_MatchUpdate 40018000 1 591 0
[21.907736] REQUEST: PWM_MatchUpdate 40018000 2 591 0
[21.957678] REQUEST: PWM_MatchUpdate 40018000 1 591 0
[21.957873] REQUEST: PWM_MatchUpdate 40018000 2 591 0
[22.007689] REQUEST: PWM_MatchUpdate 40018000 1 591 0
[22.007766] REQUEST: PWM_MatchUpdate 40018000 2 591 0
[22.057680] REQUEST: PWM_MatchUpdate 40018000 1 591 0
[22.057749] REQUEST: PWM_MatchUpdate 40018000 2 591 0
[22.107690] REQUEST: PWM_MatchUpdate 40018000 1 591 0
[22.107762] REQUEST: PWM_MatchUpdate 40018000 2 591 0
[22.157670] REQUEST: PWM_MatchUpdate 40018000 1 591 0
[22.157759] REQUEST: PWM_MatchUpdate 40018000 2 591 0
[22.207644] REQUEST: PWM_MatchUpdate 40018000 1 591 0
[22.207711] REQUEST: PWM_MatchUpdate 40018000 2 591 0
[22.257689] REQUEST: PWM_MatchUpdate 40018000 1 591 0
[22.257777] REQUEST: PWM_MatchUpdate 40018000 2 591 0
[22.307668] REQUEST: PWM_MatchUpdate 40018000 1 591 0
[22.307753] REQUEST: PWM_MatchUpdate 40018000 2 591 0
[22.357648] REQUEST: PWM_MatchUpdate 40018000 1 591 0
[22.357717] REQUEST: PWM_MatchUpdate 40018000 2 591 0
[22.407663] REQUEST: PWM_MatchUpdate 40018000 1 591 0
[22.407734] REQUEST: PWM_MatchUpdate 40018000 2 591 0
[22.457681] REQUEST: PWM_MatchUpdate 40018000 1 591 0
[22.457896] REQUEST: PWM_MatchUpdate 40018000 2 591 0
[22.507695] REQUEST: PWM_MatchUpdate 40018000 1 591 0
[22.507777] REQUEST: PWM_MatchUpdate 40018000 2 591 0
[22.557703] REQUEST: PWM_MatchUpdate 40018000 1 591 0
[22.557782] REQUEST: PWM_MatchUpdate 40018000 2 591 0
[22.607679] REQUEST: PWM_MatchUpdate 40018000 1 591 0
[22.607770] REQUEST: PWM_MatchUpdate 40018000 2 591 0
[22.657656] REQUEST: PWM_MatchUpdate 40018000 1 591 0
[22.657727] REQUEST: PWM_MatchUpdate 40018000 2 591 0
[22.707663] REQUEST: PWM_MatchUpdate 40018000 1 591 0
[22.707734] REQUEST: PWM_MatchUpdate 40018000 2 591 0
[22.757661] REQUEST: PWM_MatchUpdate 40018000 1 591 0
[22.757739] REQUEST: PWM_MatchUpdate 40018000 2 591 0
[22.807666] REQUEST: PWM_MatchUpdate 40018000 1 591 0
[22.807733] REQUEST: PWM_MatchUpdate 40018000 2 591 0
[22.857653] REQUEST: PWM_MatchUpdate 40018000 1 591 0
[22.857720] REQUEST: PWM_MatchUpdate 40018000 2 591 0
[22.907656] REQUEST: PWM_MatchUpdate 40018000 1 591 0
[22.907726] REQUEST: PWM_MatchUpdate 40018000 2 591 0
[22.957665] REQUEST: PWM_MatchUpdate 40018000 1 591 0
[22.957735] REQUEST: PWM_MatchUpdate 40018000 2 591 0
[23.007663] REQUEST: PWM_MatchUpdate 40018000 1 591 0
[23.007735] REQUEST: PWM_MatchUpdate 40018000 2 591 0
[23.057672] REQUEST: PWM_MatchUpdate 40018000 1 591 0
[23.057773] REQUEST: PWM_MatchUpdate 40018000 2 591 0
[23.107687] REQUEST: PWM_MatchUpdate 40018000 1 591 0
[23.107757] REQUEST: PWM_MatchUpdate 40018000 2 591 0
[23.157661] REQUEST: PWM_MatchUpdate 40018000 1 591 0
[23.157731] REQUEST: PWM_MatchUpdate 40018000 2 591 0
[23.207638] REQUEST: PWM_MatchUpdate 40018000 1 591 0
[23.207702] REQUEST: PWM_MatchUpdate 40018000 2 591 0
[23.257674] REQUEST: PWM_MatchUpdate 40018000 1 591 0
[23.257743] REQUEST: PWM_MatchUpdate 40018000 2 591 0
[23.307660] REQUEST: PWM_MatchUpdate 40018000 1 591 0
[23.307728] REQUEST: PWM_MatchUpdate 40018000 2 591 0
[23.357654] REQUEST: PWM_MatchUpdate 40018000 1 591 0
[23.357719] REQUEST: PWM_MatchUpdate 40018000 2 591 0
[23.407666] REQUEST: PWM_MatchUpdate 40018000 1 591 0
[23.407755] REQUEST: PWM_MatchUpdate 40018000 2 591 0
[23.457725] REQUEST: PWM_MatchUpdate 40018000 1 591 0
[23.457805] REQUEST: PWM_MatchUpdate 40018000 2 591 0
[23.507673] REQUEST: PWM_MatchUpdate 40018000 1 591 0
[23.507759] REQUEST: PWM_MatchUpdate 40018000 2 591 0
[23.557671] REQUEST: PWM_MatchUpdate 40018000 1 591 0
[23.557745] REQUEST: PWM_MatchUpdate 40018000 2 591 0
[23.607663] REQUEST: PWM_MatchUpdate 40018000 1 591 0
[23.607800] REQUEST: PWM_MatchUpdate 40018000 2 591 0
[23.657673] REQUEST: PWM_MatchUpdate 40018000 1 591 0
[23.657757] REQUEST: PWM_MatchUpdate 40018000 2 591 0
[23.707660] REQUEST: PWM_MatchUpdate 40018000 1 591 0
[23.707722] REQUEST: PWM_MatchUpdate 40018000 2 591 0
[23.757653] REQUEST: PWM_MatchUpdate 40018000 1 591 0
[23.757785] REQUEST: PWM_MatchUpdate 40018000 2 591 0
[23.807665] REQUEST: PWM_MatchUpdate 40018000 1 591 0
[23.807765] REQUEST: PWM_MatchUpdate 40018000 2 591 0
[23.857674] REQUEST: PWM_MatchUpdate 40018000 1 591 0
[23.857801] REQUEST: PWM_MatchUpdate 40018000 2 591 0
[23.907663] REQUEST: PWM_MatchUpdate 40018000 1 591 0
[23.907733] REQUEST: PWM_MatchUpdate 40018000 2 591 0
[23.957671] REQUEST: PWM_MatchUpdate 40018000 1 591 0
[23.957818] REQUEST: PWM_MatchUpdate 40018000 2 591 0
[24.137957] REQUEST: resetConfig
